{
  "0 debug pnpm:scope": {
    "selected": 1,
    "total": 7,
    "workspacePrefix": "/Users/mac/Desktop/dtc-project/ux-web-base"
  },
  "1 info pnpm": {
    "err": {
      "name": "Error",
      "message": "play@1.0.0 dev: `vite`\nExit status 1",
      "code": "ELIFECYCLE",
      "stack": "Error: play@1.0.0 dev: `vite`\nExit status 1\n    at EventEmitter.<anonymous> (/usr/local/Cellar/pnpm/6.32.11/libexec/lib/node_modules/pnpm/dist/pnpm.cjs:105830:20)\n    at EventEmitter.emit (node:events:513:28)\n    at ChildProcess.<anonymous> (/usr/local/Cellar/pnpm/6.32.11/libexec/lib/node_modules/pnpm/dist/pnpm.cjs:92391:18)\n    at ChildProcess.emit (node:events:513:28)\n    at maybeClose (node:internal/child_process:1100:16)\n    at Process.ChildProcess._handle.onexit (node:internal/child_process:304:5)"
    }
  },
  "2 error pnpm": {
    "errno": 1,
    "code": "ERR_PNPM_RECURSIVE_RUN_FIRST_FAIL",
    "pkgid": "play@1.0.0",
    "stage": "dev",
    "script": "vite",
    "pkgname": "play",
    "prefix": "/Users/mac/Desktop/dtc-project/ux-web-base/play",
    "err": {
      "name": "pnpm",
      "message": "play@1.0.0 dev: `vite`\nExit status 1",
      "code": "ERR_PNPM_RECURSIVE_RUN_FIRST_FAIL",
      "stack": "Error: play@1.0.0 dev: `vite`\nExit status 1\n    at EventEmitter.<anonymous> (/usr/local/Cellar/pnpm/6.32.11/libexec/lib/node_modules/pnpm/dist/pnpm.cjs:105830:20)\n    at EventEmitter.emit (node:events:513:28)\n    at ChildProcess.<anonymous> (/usr/local/Cellar/pnpm/6.32.11/libexec/lib/node_modules/pnpm/dist/pnpm.cjs:92391:18)\n    at ChildProcess.emit (node:events:513:28)\n    at maybeClose (node:internal/child_process:1100:16)\n    at Process.ChildProcess._handle.onexit (node:internal/child_process:304:5)"
    }
  },
  "3 warn pnpm:global": " Local package.json exists, but node_modules missing, did you mean to install?"
}